<?xml version="1.0" encoding="UTF-8"?>
<TestRun id="65e13191-a432-44c8-a896-aff80cbea11d" name="marco.gurrola@INNOVIX-PC1 2014-12-16 15:29:16" runUser="INNOVIX\marco.gurrola" xmlns="http://microsoft.com/schemas/VisualStudio/TeamTest/2010">
  <TestSettings name="Local" id="b5eeb8eb-be6a-4bcc-a635-2f2646e711d9">
    <Description>These are default test settings for a local test run.</Description>
    <Deployment enabled="false" runDeploymentRoot="marco.gurrola_INNOVIX-PC1 2014-12-16 15_29_16">
      <DeploymentItem filename="C:\Users\marco.gurrola\Documents\Visual Studio 2010\CannonAttack\CannonAttack\bin\Release\CannonAttack.exe" />
    </Deployment>
    <Execution>
      <TestTypeSpecific />
      <AgentRule name="Execution Agents">
      </AgentRule>
    </Execution>
  </TestSettings>
  <Times creation="2014-12-16T15:29:16.4937460-02:00" queuing="2014-12-16T15:29:16.5877460-02:00" start="2014-12-16T15:29:16.5977460-02:00" finish="2014-12-16T15:29:16.8177460-02:00" />
  <ResultSummary outcome="Failed">
    <Counters total="6" executed="6" passed="4" error="0" failed="2" timeout="0" aborted="0" inconclusive="0" passedButRunAborted="0" notRunnable="0" notExecuted="0" disconnected="0" warning="0" completed="0" inProgress="0" pending="0" />
  </ResultSummary>
  <TestDefinitions>
    <UnitTest name="TestCannonIdValid" storage="c:\users\marco.gurrola\documents\visual studio 2010\cannonattack\cannonattacktest\bin\release\cannonattacktest.dll" id="5985701b-341c-bed0-b13f-db23d2c4b14a">
      <Execution id="fd438ab1-ff1f-441b-9302-1e34f512e244" />
      <TestMethod codeBase="C:/Users/marco.gurrola/Documents/Visual Studio 2010/CannonAttack/CannonAttackTest/bin/Release/CannonAttackTest.DLL" adapterTypeName="Microsoft.VisualStudio.TestTools.TestTypes.Unit.UnitTestAdapter, Microsoft.VisualStudio.QualityTools.Tips.UnitTest.Adapter, Version=10.0.0.0, Culture=neutral, PublicKeyToken=b03f5f7f11d50a3a" className="CannonAttackTest.CannonAttackTest, CannonAttackTest, Version=1.0.0.0, Culture=neutral, PublicKeyToken=null" name="TestCannonIdValid" />
    </UnitTest>
    <UnitTest name="TestCannonShootIncorrectAngle" storage="c:\users\marco.gurrola\documents\visual studio 2010\cannonattack\cannonattacktest\bin\release\cannonattacktest.dll" id="848c8246-2c5f-3c1e-3cc6-5520b783d790">
      <Execution id="23f1aee3-6331-4fc5-881f-ec78942b927c" />
      <TestMethod codeBase="C:/Users/marco.gurrola/Documents/Visual Studio 2010/CannonAttack/CannonAttackTest/bin/Release/CannonAttackTest.DLL" adapterTypeName="Microsoft.VisualStudio.TestTools.TestTypes.Unit.UnitTestAdapter, Microsoft.VisualStudio.QualityTools.Tips.UnitTest.Adapter, Version=10.0.0.0, Culture=neutral, PublicKeyToken=b03f5f7f11d50a3a" className="CannonAttackTest.CannonAttackTest, CannonAttackTest, Version=1.0.0.0, Culture=neutral, PublicKeyToken=null" name="TestCannonShootIncorrectAngle" />
    </UnitTest>
    <UnitTest name="TestCannonShootMiss" storage="c:\users\marco.gurrola\documents\visual studio 2010\cannonattack\cannonattacktest\bin\release\cannonattacktest.dll" id="5009303d-563d-5ff2-7181-686b81ec17c5">
      <Execution id="27fbf292-76e8-4407-b051-1d8104596309" />
      <TestMethod codeBase="C:/Users/marco.gurrola/Documents/Visual Studio 2010/CannonAttack/CannonAttackTest/bin/Release/CannonAttackTest.DLL" adapterTypeName="Microsoft.VisualStudio.TestTools.TestTypes.Unit.UnitTestAdapter, Microsoft.VisualStudio.QualityTools.Tips.UnitTest.Adapter, Version=10.0.0.0, Culture=neutral, PublicKeyToken=b03f5f7f11d50a3a" className="CannonAttackTest.CannonAttackTest, CannonAttackTest, Version=1.0.0.0, Culture=neutral, PublicKeyToken=null" name="TestCannonShootMiss" />
    </UnitTest>
    <UnitTest name="TestCannonShootVelocityGreaterThanSpeedOfLight" storage="c:\users\marco.gurrola\documents\visual studio 2010\cannonattack\cannonattacktest\bin\release\cannonattacktest.dll" id="5777e21e-cb47-496e-6721-b5e410169a66">
      <Execution id="11f5f898-aee9-433a-8445-1e5c5d0d872b" />
      <TestMethod codeBase="C:/Users/marco.gurrola/Documents/Visual Studio 2010/CannonAttack/CannonAttackTest/bin/Release/CannonAttackTest.DLL" adapterTypeName="Microsoft.VisualStudio.TestTools.TestTypes.Unit.UnitTestAdapter, Microsoft.VisualStudio.QualityTools.Tips.UnitTest.Adapter, Version=10.0.0.0, Culture=neutral, PublicKeyToken=b03f5f7f11d50a3a" className="CannonAttackTest.CannonAttackTest, CannonAttackTest, Version=1.0.0.0, Culture=neutral, PublicKeyToken=null" name="TestCannonShootVelocityGreaterThanSpeedOfLight" />
    </UnitTest>
    <UnitTest name="TestCannonShootHit" storage="c:\users\marco.gurrola\documents\visual studio 2010\cannonattack\cannonattacktest\bin\release\cannonattacktest.dll" id="4390e495-22a9-17bd-d1ca-8c13949ac68a">
      <Execution id="20b141fe-32c0-4196-80b8-9b71d5ebfd74" />
      <TestMethod codeBase="C:/Users/marco.gurrola/Documents/Visual Studio 2010/CannonAttack/CannonAttackTest/bin/Release/CannonAttackTest.DLL" adapterTypeName="Microsoft.VisualStudio.TestTools.TestTypes.Unit.UnitTestAdapter, Microsoft.VisualStudio.QualityTools.Tips.UnitTest.Adapter, Version=10.0.0.0, Culture=neutral, PublicKeyToken=b03f5f7f11d50a3a" className="CannonAttackTest.CannonAttackTest, CannonAttackTest, Version=1.0.0.0, Culture=neutral, PublicKeyToken=null" name="TestCannonShootHit" />
    </UnitTest>
    <UnitTest name="TestCannonMultipleInstances" storage="c:\users\marco.gurrola\documents\visual studio 2010\cannonattack\cannonattacktest\bin\release\cannonattacktest.dll" id="4ec0cd46-4649-cc7e-8e36-0951b47fb9d3">
      <Execution id="8cce666f-7480-410a-bb87-7d4256554887" />
      <TestMethod codeBase="C:/Users/marco.gurrola/Documents/Visual Studio 2010/CannonAttack/CannonAttackTest/bin/Release/CannonAttackTest.DLL" adapterTypeName="Microsoft.VisualStudio.TestTools.TestTypes.Unit.UnitTestAdapter, Microsoft.VisualStudio.QualityTools.Tips.UnitTest.Adapter, Version=10.0.0.0, Culture=neutral, PublicKeyToken=b03f5f7f11d50a3a" className="CannonAttackTest.CannonAttackTest, CannonAttackTest, Version=1.0.0.0, Culture=neutral, PublicKeyToken=null" name="TestCannonMultipleInstances" />
    </UnitTest>
  </TestDefinitions>
  <TestLists>
    <TestList name="Results Not in a List" id="8c84fa94-04c1-424b-9868-57a2d4851a1d" />
    <TestList name="All Loaded Results" id="19431567-8539-422a-85d7-44ee4e166bda" />
  </TestLists>
  <TestEntries>
    <TestEntry testId="5985701b-341c-bed0-b13f-db23d2c4b14a" executionId="fd438ab1-ff1f-441b-9302-1e34f512e244" testListId="8c84fa94-04c1-424b-9868-57a2d4851a1d" />
    <TestEntry testId="4ec0cd46-4649-cc7e-8e36-0951b47fb9d3" executionId="8cce666f-7480-410a-bb87-7d4256554887" testListId="8c84fa94-04c1-424b-9868-57a2d4851a1d" />
    <TestEntry testId="848c8246-2c5f-3c1e-3cc6-5520b783d790" executionId="23f1aee3-6331-4fc5-881f-ec78942b927c" testListId="8c84fa94-04c1-424b-9868-57a2d4851a1d" />
    <TestEntry testId="5777e21e-cb47-496e-6721-b5e410169a66" executionId="11f5f898-aee9-433a-8445-1e5c5d0d872b" testListId="8c84fa94-04c1-424b-9868-57a2d4851a1d" />
    <TestEntry testId="5009303d-563d-5ff2-7181-686b81ec17c5" executionId="27fbf292-76e8-4407-b051-1d8104596309" testListId="8c84fa94-04c1-424b-9868-57a2d4851a1d" />
    <TestEntry testId="4390e495-22a9-17bd-d1ca-8c13949ac68a" executionId="20b141fe-32c0-4196-80b8-9b71d5ebfd74" testListId="8c84fa94-04c1-424b-9868-57a2d4851a1d" />
  </TestEntries>
  <Results>
    <UnitTestResult executionId="fd438ab1-ff1f-441b-9302-1e34f512e244" testId="5985701b-341c-bed0-b13f-db23d2c4b14a" testName="TestCannonIdValid" computerName="INNOVIX-PC1" duration="00:00:00.0111799" startTime="2014-12-16T15:29:16.5997460-02:00" endTime="2014-12-16T15:29:16.7737460-02:00" testType="13cdc9d9-ddb5-4fa4-a97d-d965ccfc6d4b" outcome="Passed" testListId="8c84fa94-04c1-424b-9868-57a2d4851a1d" relativeResultsDirectory="fd438ab1-ff1f-441b-9302-1e34f512e244">
    </UnitTestResult>
    <UnitTestResult executionId="8cce666f-7480-410a-bb87-7d4256554887" testId="4ec0cd46-4649-cc7e-8e36-0951b47fb9d3" testName="TestCannonMultipleInstances" computerName="INNOVIX-PC1" duration="00:00:00.0001635" startTime="2014-12-16T15:29:16.7757460-02:00" endTime="2014-12-16T15:29:16.7777460-02:00" testType="13cdc9d9-ddb5-4fa4-a97d-d965ccfc6d4b" outcome="Passed" testListId="8c84fa94-04c1-424b-9868-57a2d4851a1d" relativeResultsDirectory="8cce666f-7480-410a-bb87-7d4256554887">
    </UnitTestResult>
    <UnitTestResult executionId="23f1aee3-6331-4fc5-881f-ec78942b927c" testId="848c8246-2c5f-3c1e-3cc6-5520b783d790" testName="TestCannonShootIncorrectAngle" computerName="INNOVIX-PC1" duration="00:00:00.0005650" startTime="2014-12-16T15:29:16.7797460-02:00" endTime="2014-12-16T15:29:16.7817460-02:00" testType="13cdc9d9-ddb5-4fa4-a97d-d965ccfc6d4b" outcome="Passed" testListId="8c84fa94-04c1-424b-9868-57a2d4851a1d" relativeResultsDirectory="23f1aee3-6331-4fc5-881f-ec78942b927c">
    </UnitTestResult>
    <UnitTestResult executionId="11f5f898-aee9-433a-8445-1e5c5d0d872b" testId="5777e21e-cb47-496e-6721-b5e410169a66" testName="TestCannonShootVelocityGreaterThanSpeedOfLight" computerName="INNOVIX-PC1" duration="00:00:00.0001974" startTime="2014-12-16T15:29:16.7837460-02:00" endTime="2014-12-16T15:29:16.7857460-02:00" testType="13cdc9d9-ddb5-4fa4-a97d-d965ccfc6d4b" outcome="Passed" testListId="8c84fa94-04c1-424b-9868-57a2d4851a1d" relativeResultsDirectory="11f5f898-aee9-433a-8445-1e5c5d0d872b">
    </UnitTestResult>
    <UnitTestResult executionId="27fbf292-76e8-4407-b051-1d8104596309" testId="5009303d-563d-5ff2-7181-686b81ec17c5" testName="TestCannonShootMiss" computerName="INNOVIX-PC1" duration="00:00:00.0123539" startTime="2014-12-16T15:29:16.7877460-02:00" endTime="2014-12-16T15:29:16.8017460-02:00" testType="13cdc9d9-ddb5-4fa4-a97d-d965ccfc6d4b" outcome="Failed" testListId="8c84fa94-04c1-424b-9868-57a2d4851a1d" relativeResultsDirectory="27fbf292-76e8-4407-b051-1d8104596309">
      <Output>
        <ErrorInfo>
          <Message>Test method CannonAttackTest.CannonAttackTest.TestCannonShootMiss threw exception: 
System.NotImplementedException: The method or operation is not implemented.</Message>
          <StackTrace>    at CannonAttackTest.CannonAttackTest.TestCannonShootMiss() in C:\Users\marco.gurrola\Documents\Visual Studio 2010\CannonAttack\CannonAttackTest\CannonAttackTest.cs:line 48
</StackTrace>
        </ErrorInfo>
      </Output>
    </UnitTestResult>
    <UnitTestResult executionId="20b141fe-32c0-4196-80b8-9b71d5ebfd74" testId="4390e495-22a9-17bd-d1ca-8c13949ac68a" testName="TestCannonShootHit" computerName="INNOVIX-PC1" duration="00:00:00.0017867" startTime="2014-12-16T15:29:16.8037460-02:00" endTime="2014-12-16T15:29:16.8077460-02:00" testType="13cdc9d9-ddb5-4fa4-a97d-d965ccfc6d4b" outcome="Failed" testListId="8c84fa94-04c1-424b-9868-57a2d4851a1d" relativeResultsDirectory="20b141fe-32c0-4196-80b8-9b71d5ebfd74">
      <Output>
        <ErrorInfo>
          <Message>Test method CannonAttackTest.CannonAttackTest.TestCannonShootHit threw exception: 
System.NotImplementedException: The method or operation is not implemented.</Message>
          <StackTrace>    at CannonAttackTest.CannonAttackTest.TestCannonShootHit() in C:\Users\marco.gurrola\Documents\Visual Studio 2010\CannonAttack\CannonAttackTest\CannonAttackTest.cs:line 56
</StackTrace>
        </ErrorInfo>
      </Output>
    </UnitTestResult>
  </Results>
</TestRun>