<?xml version="1.0" encoding="UTF-8"?>
<TestRun id="e21b1d2a-4bf9-432a-bb62-609292f6a034" name="marco.gurrola@INNOVIX-PC1 2014-12-16 17:13:24" runUser="INNOVIX\marco.gurrola" xmlns="http://microsoft.com/schemas/VisualStudio/TeamTest/2010">
  <TestSettings name="Local" id="b5eeb8eb-be6a-4bcc-a635-2f2646e711d9">
    <Description>These are default test settings for a local test run.</Description>
    <Deployment enabled="false" runDeploymentRoot="marco.gurrola_INNOVIX-PC1 2014-12-16 17_13_24">
      <DeploymentItem filename="C:\Users\marco.gurrola\Documents\Visual Studio 2010\CannonAttack\CannonAttack\bin\Release\CannonAttack.exe" />
    </Deployment>
    <Execution>
      <TestTypeSpecific />
      <AgentRule name="Execution Agents">
      </AgentRule>
    </Execution>
  </TestSettings>
  <Times creation="2014-12-16T17:13:24.8437460-02:00" queuing="2014-12-16T17:13:26.1227460-02:00" start="2014-12-16T17:13:26.2247460-02:00" finish="2014-12-16T17:13:26.4917460-02:00" />
  <ResultSummary outcome="Failed">
    <Counters total="7" executed="7" passed="5" error="0" failed="2" timeout="0" aborted="0" inconclusive="0" passedButRunAborted="0" notRunnable="0" notExecuted="0" disconnected="0" warning="0" completed="0" inProgress="0" pending="0" />
  </ResultSummary>
  <TestDefinitions>
    <UnitTest name="TestCannonIdValid" storage="c:\users\marco.gurrola\documents\visual studio 2010\cannonattack\cannonattacktest\bin\release\cannonattacktest.dll" id="5985701b-341c-bed0-b13f-db23d2c4b14a">
      <Execution id="2b4ea27d-eafc-4f86-9e47-3db49dbf6f75" />
      <TestMethod codeBase="C:/Users/marco.gurrola/Documents/Visual Studio 2010/CannonAttack/CannonAttackTest/bin/Release/CannonAttackTest.DLL" adapterTypeName="Microsoft.VisualStudio.TestTools.TestTypes.Unit.UnitTestAdapter, Microsoft.VisualStudio.QualityTools.Tips.UnitTest.Adapter, Version=10.0.0.0, Culture=neutral, PublicKeyToken=b03f5f7f11d50a3a" className="CannonAttackTest.CannonAttackTest, CannonAttackTest, Version=1.0.0.0, Culture=neutral, PublicKeyToken=null" name="TestCannonIdValid" />
    </UnitTest>
    <UnitTest name="TestCannonShootIncorrectAngle" storage="c:\users\marco.gurrola\documents\visual studio 2010\cannonattack\cannonattacktest\bin\release\cannonattacktest.dll" id="848c8246-2c5f-3c1e-3cc6-5520b783d790">
      <Execution id="21bf2db1-bfe4-4cb5-9fab-d0944d070b36" />
      <TestMethod codeBase="C:/Users/marco.gurrola/Documents/Visual Studio 2010/CannonAttack/CannonAttackTest/bin/Release/CannonAttackTest.DLL" adapterTypeName="Microsoft.VisualStudio.TestTools.TestTypes.Unit.UnitTestAdapter, Microsoft.VisualStudio.QualityTools.Tips.UnitTest.Adapter, Version=10.0.0.0, Culture=neutral, PublicKeyToken=b03f5f7f11d50a3a" className="CannonAttackTest.CannonAttackTest, CannonAttackTest, Version=1.0.0.0, Culture=neutral, PublicKeyToken=null" name="TestCannonShootIncorrectAngle" />
    </UnitTest>
    <UnitTest name="TestCannonShootMiss" storage="c:\users\marco.gurrola\documents\visual studio 2010\cannonattack\cannonattacktest\bin\release\cannonattacktest.dll" id="5009303d-563d-5ff2-7181-686b81ec17c5">
      <Execution id="9d29087f-5b6e-457d-aac6-3cdb261f6668" />
      <TestMethod codeBase="C:/Users/marco.gurrola/Documents/Visual Studio 2010/CannonAttack/CannonAttackTest/bin/Release/CannonAttackTest.DLL" adapterTypeName="Microsoft.VisualStudio.TestTools.TestTypes.Unit.UnitTestAdapter, Microsoft.VisualStudio.QualityTools.Tips.UnitTest.Adapter, Version=10.0.0.0, Culture=neutral, PublicKeyToken=b03f5f7f11d50a3a" className="CannonAttackTest.CannonAttackTest, CannonAttackTest, Version=1.0.0.0, Culture=neutral, PublicKeyToken=null" name="TestCannonShootMiss" />
    </UnitTest>
    <UnitTest name="TestCannonShootVelocityGreaterThanSpeedOfLight" storage="c:\users\marco.gurrola\documents\visual studio 2010\cannonattack\cannonattacktest\bin\release\cannonattacktest.dll" id="5777e21e-cb47-496e-6721-b5e410169a66">
      <Execution id="527d7425-c601-47cd-90ce-8e6dd5ef6f5a" />
      <TestMethod codeBase="C:/Users/marco.gurrola/Documents/Visual Studio 2010/CannonAttack/CannonAttackTest/bin/Release/CannonAttackTest.DLL" adapterTypeName="Microsoft.VisualStudio.TestTools.TestTypes.Unit.UnitTestAdapter, Microsoft.VisualStudio.QualityTools.Tips.UnitTest.Adapter, Version=10.0.0.0, Culture=neutral, PublicKeyToken=b03f5f7f11d50a3a" className="CannonAttackTest.CannonAttackTest, CannonAttackTest, Version=1.0.0.0, Culture=neutral, PublicKeyToken=null" name="TestCannonShootVelocityGreaterThanSpeedOfLight" />
    </UnitTest>
    <UnitTest name="TestCannonShootHit" storage="c:\users\marco.gurrola\documents\visual studio 2010\cannonattack\cannonattacktest\bin\release\cannonattacktest.dll" id="4390e495-22a9-17bd-d1ca-8c13949ac68a">
      <Execution id="b0775462-f436-4ab2-bdd0-9846a6960b12" />
      <TestMethod codeBase="C:/Users/marco.gurrola/Documents/Visual Studio 2010/CannonAttack/CannonAttackTest/bin/Release/CannonAttackTest.DLL" adapterTypeName="Microsoft.VisualStudio.TestTools.TestTypes.Unit.UnitTestAdapter, Microsoft.VisualStudio.QualityTools.Tips.UnitTest.Adapter, Version=10.0.0.0, Culture=neutral, PublicKeyToken=b03f5f7f11d50a3a" className="CannonAttackTest.CannonAttackTest, CannonAttackTest, Version=1.0.0.0, Culture=neutral, PublicKeyToken=null" name="TestCannonShootHit" />
    </UnitTest>
    <UnitTest name="TestCannonCountShots" storage="c:\users\marco.gurrola\documents\visual studio 2010\cannonattack\cannonattacktest\bin\release\cannonattacktest.dll" id="81187ecd-522d-f341-39fe-91c8d4f573ce">
      <Execution id="826b1d11-4e3e-4b36-9430-8db345ab2375" />
      <TestMethod codeBase="C:/Users/marco.gurrola/Documents/Visual Studio 2010/CannonAttack/CannonAttackTest/bin/Release/CannonAttackTest.DLL" adapterTypeName="Microsoft.VisualStudio.TestTools.TestTypes.Unit.UnitTestAdapter, Microsoft.VisualStudio.QualityTools.Tips.UnitTest.Adapter, Version=10.0.0.0, Culture=neutral, PublicKeyToken=b03f5f7f11d50a3a" className="CannonAttackTest.CannonAttackTest, CannonAttackTest, Version=1.0.0.0, Culture=neutral, PublicKeyToken=null" name="TestCannonCountShots" />
    </UnitTest>
    <UnitTest name="TestCannonMultipleInstances" storage="c:\users\marco.gurrola\documents\visual studio 2010\cannonattack\cannonattacktest\bin\release\cannonattacktest.dll" id="4ec0cd46-4649-cc7e-8e36-0951b47fb9d3">
      <Execution id="91880181-48cc-4f02-94bf-f4101656b9e7" />
      <TestMethod codeBase="C:/Users/marco.gurrola/Documents/Visual Studio 2010/CannonAttack/CannonAttackTest/bin/Release/CannonAttackTest.DLL" adapterTypeName="Microsoft.VisualStudio.TestTools.TestTypes.Unit.UnitTestAdapter, Microsoft.VisualStudio.QualityTools.Tips.UnitTest.Adapter, Version=10.0.0.0, Culture=neutral, PublicKeyToken=b03f5f7f11d50a3a" className="CannonAttackTest.CannonAttackTest, CannonAttackTest, Version=1.0.0.0, Culture=neutral, PublicKeyToken=null" name="TestCannonMultipleInstances" />
    </UnitTest>
  </TestDefinitions>
  <TestLists>
    <TestList name="Results Not in a List" id="8c84fa94-04c1-424b-9868-57a2d4851a1d" />
    <TestList name="All Loaded Results" id="19431567-8539-422a-85d7-44ee4e166bda" />
  </TestLists>
  <TestEntries>
    <TestEntry testId="5985701b-341c-bed0-b13f-db23d2c4b14a" executionId="2b4ea27d-eafc-4f86-9e47-3db49dbf6f75" testListId="8c84fa94-04c1-424b-9868-57a2d4851a1d" />
    <TestEntry testId="4ec0cd46-4649-cc7e-8e36-0951b47fb9d3" executionId="91880181-48cc-4f02-94bf-f4101656b9e7" testListId="8c84fa94-04c1-424b-9868-57a2d4851a1d" />
    <TestEntry testId="848c8246-2c5f-3c1e-3cc6-5520b783d790" executionId="21bf2db1-bfe4-4cb5-9fab-d0944d070b36" testListId="8c84fa94-04c1-424b-9868-57a2d4851a1d" />
    <TestEntry testId="5777e21e-cb47-496e-6721-b5e410169a66" executionId="527d7425-c601-47cd-90ce-8e6dd5ef6f5a" testListId="8c84fa94-04c1-424b-9868-57a2d4851a1d" />
    <TestEntry testId="5009303d-563d-5ff2-7181-686b81ec17c5" executionId="9d29087f-5b6e-457d-aac6-3cdb261f6668" testListId="8c84fa94-04c1-424b-9868-57a2d4851a1d" />
    <TestEntry testId="4390e495-22a9-17bd-d1ca-8c13949ac68a" executionId="b0775462-f436-4ab2-bdd0-9846a6960b12" testListId="8c84fa94-04c1-424b-9868-57a2d4851a1d" />
    <TestEntry testId="81187ecd-522d-f341-39fe-91c8d4f573ce" executionId="826b1d11-4e3e-4b36-9430-8db345ab2375" testListId="8c84fa94-04c1-424b-9868-57a2d4851a1d" />
  </TestEntries>
  <Results>
    <UnitTestResult executionId="2b4ea27d-eafc-4f86-9e47-3db49dbf6f75" testId="5985701b-341c-bed0-b13f-db23d2c4b14a" testName="TestCannonIdValid" computerName="INNOVIX-PC1" duration="00:00:00.0106555" startTime="2014-12-16T17:13:26.2277460-02:00" endTime="2014-12-16T17:13:26.4267460-02:00" testType="13cdc9d9-ddb5-4fa4-a97d-d965ccfc6d4b" outcome="Passed" testListId="8c84fa94-04c1-424b-9868-57a2d4851a1d" relativeResultsDirectory="2b4ea27d-eafc-4f86-9e47-3db49dbf6f75">
    </UnitTestResult>
    <UnitTestResult executionId="91880181-48cc-4f02-94bf-f4101656b9e7" testId="4ec0cd46-4649-cc7e-8e36-0951b47fb9d3" testName="TestCannonMultipleInstances" computerName="INNOVIX-PC1" duration="00:00:00.0002164" startTime="2014-12-16T17:13:26.4287460-02:00" endTime="2014-12-16T17:13:26.4327460-02:00" testType="13cdc9d9-ddb5-4fa4-a97d-d965ccfc6d4b" outcome="Passed" testListId="8c84fa94-04c1-424b-9868-57a2d4851a1d" relativeResultsDirectory="91880181-48cc-4f02-94bf-f4101656b9e7">
    </UnitTestResult>
    <UnitTestResult executionId="21bf2db1-bfe4-4cb5-9fab-d0944d070b36" testId="848c8246-2c5f-3c1e-3cc6-5520b783d790" testName="TestCannonShootIncorrectAngle" computerName="INNOVIX-PC1" duration="00:00:00.0009323" startTime="2014-12-16T17:13:26.4337460-02:00" endTime="2014-12-16T17:13:26.4397460-02:00" testType="13cdc9d9-ddb5-4fa4-a97d-d965ccfc6d4b" outcome="Passed" testListId="8c84fa94-04c1-424b-9868-57a2d4851a1d" relativeResultsDirectory="21bf2db1-bfe4-4cb5-9fab-d0944d070b36">
    </UnitTestResult>
    <UnitTestResult executionId="527d7425-c601-47cd-90ce-8e6dd5ef6f5a" testId="5777e21e-cb47-496e-6721-b5e410169a66" testName="TestCannonShootVelocityGreaterThanSpeedOfLight" computerName="INNOVIX-PC1" duration="00:00:00.0002547" startTime="2014-12-16T17:13:26.4417460-02:00" endTime="2014-12-16T17:13:26.4457460-02:00" testType="13cdc9d9-ddb5-4fa4-a97d-d965ccfc6d4b" outcome="Passed" testListId="8c84fa94-04c1-424b-9868-57a2d4851a1d" relativeResultsDirectory="527d7425-c601-47cd-90ce-8e6dd5ef6f5a">
    </UnitTestResult>
    <UnitTestResult executionId="9d29087f-5b6e-457d-aac6-3cdb261f6668" testId="5009303d-563d-5ff2-7181-686b81ec17c5" testName="TestCannonShootMiss" computerName="INNOVIX-PC1" duration="00:00:00.0005604" startTime="2014-12-16T17:13:26.4487460-02:00" endTime="2014-12-16T17:13:26.4517460-02:00" testType="13cdc9d9-ddb5-4fa4-a97d-d965ccfc6d4b" outcome="Passed" testListId="8c84fa94-04c1-424b-9868-57a2d4851a1d" relativeResultsDirectory="9d29087f-5b6e-457d-aac6-3cdb261f6668">
    </UnitTestResult>
    <UnitTestResult executionId="b0775462-f436-4ab2-bdd0-9846a6960b12" testId="4390e495-22a9-17bd-d1ca-8c13949ac68a" testName="TestCannonShootHit" computerName="INNOVIX-PC1" duration="00:00:00.0205581" startTime="2014-12-16T17:13:26.4527460-02:00" endTime="2014-12-16T17:13:26.4757460-02:00" testType="13cdc9d9-ddb5-4fa4-a97d-d965ccfc6d4b" outcome="Failed" testListId="8c84fa94-04c1-424b-9868-57a2d4851a1d" relativeResultsDirectory="b0775462-f436-4ab2-bdd0-9846a6960b12">
      <Output>
        <ErrorInfo>
          <Message>Assert.IsTrue failed. </Message>
          <StackTrace>   at CannonAttackTest.CannonAttackTest.TestCannonShootHit() in C:\Users\marco.gurrola\Documents\Visual Studio 2010\CannonAttack\CannonAttackTest\CannonAttackTest.cs:line 64
</StackTrace>
        </ErrorInfo>
      </Output>
    </UnitTestResult>
    <UnitTestResult executionId="826b1d11-4e3e-4b36-9430-8db345ab2375" testId="81187ecd-522d-f341-39fe-91c8d4f573ce" testName="TestCannonCountShots" computerName="INNOVIX-PC1" duration="00:00:00.0020299" startTime="2014-12-16T17:13:26.4767460-02:00" endTime="2014-12-16T17:13:26.4817460-02:00" testType="13cdc9d9-ddb5-4fa4-a97d-d965ccfc6d4b" outcome="Failed" testListId="8c84fa94-04c1-424b-9868-57a2d4851a1d" relativeResultsDirectory="826b1d11-4e3e-4b36-9430-8db345ab2375">
      <Output>
        <ErrorInfo>
          <Message>Assert.IsTrue failed. Number of shots:0</Message>
          <StackTrace>   at CannonAttackTest.CannonAttackTest.TestCannonCountShots() in C:\Users\marco.gurrola\Documents\Visual Studio 2010\CannonAttack\CannonAttackTest\CannonAttackTest.cs:line 72
</StackTrace>
        </ErrorInfo>
      </Output>
    </UnitTestResult>
  </Results>
</TestRun>