<?xml version="1.0" encoding="UTF-8"?>
<TestRun id="0a277e49-f66a-45a2-a091-8f3ae52666fd" name="marco.gurrola@INNOVIX-PC1 2014-12-16 15:39:46" runUser="INNOVIX\marco.gurrola" xmlns="http://microsoft.com/schemas/VisualStudio/TeamTest/2010">
  <TestSettings name="Local" id="b5eeb8eb-be6a-4bcc-a635-2f2646e711d9">
    <Description>These are default test settings for a local test run.</Description>
    <Deployment enabled="false" runDeploymentRoot="marco.gurrola_INNOVIX-PC1 2014-12-16 15_39_46">
      <DeploymentItem filename="C:\Users\marco.gurrola\Documents\Visual Studio 2010\CannonAttack\CannonAttack\bin\Release\CannonAttack.exe" />
    </Deployment>
    <Execution>
      <TestTypeSpecific />
      <AgentRule name="Execution Agents">
      </AgentRule>
    </Execution>
  </TestSettings>
  <Times creation="2014-12-16T15:39:46.8127460-02:00" queuing="2014-12-16T15:39:46.9017460-02:00" start="2014-12-16T15:39:46.9147460-02:00" finish="2014-12-16T15:39:47.2257460-02:00" />
  <ResultSummary outcome="Failed">
    <Counters total="6" executed="6" passed="5" error="0" failed="1" timeout="0" aborted="0" inconclusive="0" passedButRunAborted="0" notRunnable="0" notExecuted="0" disconnected="0" warning="0" completed="0" inProgress="0" pending="0" />
  </ResultSummary>
  <TestDefinitions>
    <UnitTest name="TestCannonIdValid" storage="c:\users\marco.gurrola\documents\visual studio 2010\cannonattack\cannonattacktest\bin\release\cannonattacktest.dll" id="5985701b-341c-bed0-b13f-db23d2c4b14a">
      <Execution id="9e2aa7e9-f02c-46b9-8df4-f88dbda3a978" />
      <TestMethod codeBase="C:/Users/marco.gurrola/Documents/Visual Studio 2010/CannonAttack/CannonAttackTest/bin/Release/CannonAttackTest.DLL" adapterTypeName="Microsoft.VisualStudio.TestTools.TestTypes.Unit.UnitTestAdapter, Microsoft.VisualStudio.QualityTools.Tips.UnitTest.Adapter, Version=10.0.0.0, Culture=neutral, PublicKeyToken=b03f5f7f11d50a3a" className="CannonAttackTest.CannonAttackTest, CannonAttackTest, Version=1.0.0.0, Culture=neutral, PublicKeyToken=null" name="TestCannonIdValid" />
    </UnitTest>
    <UnitTest name="TestCannonShootIncorrectAngle" storage="c:\users\marco.gurrola\documents\visual studio 2010\cannonattack\cannonattacktest\bin\release\cannonattacktest.dll" id="848c8246-2c5f-3c1e-3cc6-5520b783d790">
      <Execution id="1d9eb6ec-abc6-4e45-b824-b4bcf06e8a31" />
      <TestMethod codeBase="C:/Users/marco.gurrola/Documents/Visual Studio 2010/CannonAttack/CannonAttackTest/bin/Release/CannonAttackTest.DLL" adapterTypeName="Microsoft.VisualStudio.TestTools.TestTypes.Unit.UnitTestAdapter, Microsoft.VisualStudio.QualityTools.Tips.UnitTest.Adapter, Version=10.0.0.0, Culture=neutral, PublicKeyToken=b03f5f7f11d50a3a" className="CannonAttackTest.CannonAttackTest, CannonAttackTest, Version=1.0.0.0, Culture=neutral, PublicKeyToken=null" name="TestCannonShootIncorrectAngle" />
    </UnitTest>
    <UnitTest name="TestCannonShootMiss" storage="c:\users\marco.gurrola\documents\visual studio 2010\cannonattack\cannonattacktest\bin\release\cannonattacktest.dll" id="5009303d-563d-5ff2-7181-686b81ec17c5">
      <Execution id="75fa73fd-1c2a-48cc-b340-e8ab05ba7871" />
      <TestMethod codeBase="C:/Users/marco.gurrola/Documents/Visual Studio 2010/CannonAttack/CannonAttackTest/bin/Release/CannonAttackTest.DLL" adapterTypeName="Microsoft.VisualStudio.TestTools.TestTypes.Unit.UnitTestAdapter, Microsoft.VisualStudio.QualityTools.Tips.UnitTest.Adapter, Version=10.0.0.0, Culture=neutral, PublicKeyToken=b03f5f7f11d50a3a" className="CannonAttackTest.CannonAttackTest, CannonAttackTest, Version=1.0.0.0, Culture=neutral, PublicKeyToken=null" name="TestCannonShootMiss" />
    </UnitTest>
    <UnitTest name="TestCannonShootVelocityGreaterThanSpeedOfLight" storage="c:\users\marco.gurrola\documents\visual studio 2010\cannonattack\cannonattacktest\bin\release\cannonattacktest.dll" id="5777e21e-cb47-496e-6721-b5e410169a66">
      <Execution id="26a23ddf-a3b4-400f-835b-d917296a45f7" />
      <TestMethod codeBase="C:/Users/marco.gurrola/Documents/Visual Studio 2010/CannonAttack/CannonAttackTest/bin/Release/CannonAttackTest.DLL" adapterTypeName="Microsoft.VisualStudio.TestTools.TestTypes.Unit.UnitTestAdapter, Microsoft.VisualStudio.QualityTools.Tips.UnitTest.Adapter, Version=10.0.0.0, Culture=neutral, PublicKeyToken=b03f5f7f11d50a3a" className="CannonAttackTest.CannonAttackTest, CannonAttackTest, Version=1.0.0.0, Culture=neutral, PublicKeyToken=null" name="TestCannonShootVelocityGreaterThanSpeedOfLight" />
    </UnitTest>
    <UnitTest name="TestCannonShootHit" storage="c:\users\marco.gurrola\documents\visual studio 2010\cannonattack\cannonattacktest\bin\release\cannonattacktest.dll" id="4390e495-22a9-17bd-d1ca-8c13949ac68a">
      <Execution id="767c735c-c5bd-462f-8feb-4867425c96b3" />
      <TestMethod codeBase="C:/Users/marco.gurrola/Documents/Visual Studio 2010/CannonAttack/CannonAttackTest/bin/Release/CannonAttackTest.DLL" adapterTypeName="Microsoft.VisualStudio.TestTools.TestTypes.Unit.UnitTestAdapter, Microsoft.VisualStudio.QualityTools.Tips.UnitTest.Adapter, Version=10.0.0.0, Culture=neutral, PublicKeyToken=b03f5f7f11d50a3a" className="CannonAttackTest.CannonAttackTest, CannonAttackTest, Version=1.0.0.0, Culture=neutral, PublicKeyToken=null" name="TestCannonShootHit" />
    </UnitTest>
    <UnitTest name="TestCannonMultipleInstances" storage="c:\users\marco.gurrola\documents\visual studio 2010\cannonattack\cannonattacktest\bin\release\cannonattacktest.dll" id="4ec0cd46-4649-cc7e-8e36-0951b47fb9d3">
      <Execution id="e4b2b98a-eb5d-4d33-b9a3-b5cd98175fab" />
      <TestMethod codeBase="C:/Users/marco.gurrola/Documents/Visual Studio 2010/CannonAttack/CannonAttackTest/bin/Release/CannonAttackTest.DLL" adapterTypeName="Microsoft.VisualStudio.TestTools.TestTypes.Unit.UnitTestAdapter, Microsoft.VisualStudio.QualityTools.Tips.UnitTest.Adapter, Version=10.0.0.0, Culture=neutral, PublicKeyToken=b03f5f7f11d50a3a" className="CannonAttackTest.CannonAttackTest, CannonAttackTest, Version=1.0.0.0, Culture=neutral, PublicKeyToken=null" name="TestCannonMultipleInstances" />
    </UnitTest>
  </TestDefinitions>
  <TestLists>
    <TestList name="Results Not in a List" id="8c84fa94-04c1-424b-9868-57a2d4851a1d" />
    <TestList name="All Loaded Results" id="19431567-8539-422a-85d7-44ee4e166bda" />
  </TestLists>
  <TestEntries>
    <TestEntry testId="5985701b-341c-bed0-b13f-db23d2c4b14a" executionId="9e2aa7e9-f02c-46b9-8df4-f88dbda3a978" testListId="8c84fa94-04c1-424b-9868-57a2d4851a1d" />
    <TestEntry testId="4ec0cd46-4649-cc7e-8e36-0951b47fb9d3" executionId="e4b2b98a-eb5d-4d33-b9a3-b5cd98175fab" testListId="8c84fa94-04c1-424b-9868-57a2d4851a1d" />
    <TestEntry testId="848c8246-2c5f-3c1e-3cc6-5520b783d790" executionId="1d9eb6ec-abc6-4e45-b824-b4bcf06e8a31" testListId="8c84fa94-04c1-424b-9868-57a2d4851a1d" />
    <TestEntry testId="5777e21e-cb47-496e-6721-b5e410169a66" executionId="26a23ddf-a3b4-400f-835b-d917296a45f7" testListId="8c84fa94-04c1-424b-9868-57a2d4851a1d" />
    <TestEntry testId="5009303d-563d-5ff2-7181-686b81ec17c5" executionId="75fa73fd-1c2a-48cc-b340-e8ab05ba7871" testListId="8c84fa94-04c1-424b-9868-57a2d4851a1d" />
    <TestEntry testId="4390e495-22a9-17bd-d1ca-8c13949ac68a" executionId="767c735c-c5bd-462f-8feb-4867425c96b3" testListId="8c84fa94-04c1-424b-9868-57a2d4851a1d" />
  </TestEntries>
  <Results>
    <UnitTestResult executionId="9e2aa7e9-f02c-46b9-8df4-f88dbda3a978" testId="5985701b-341c-bed0-b13f-db23d2c4b14a" testName="TestCannonIdValid" computerName="INNOVIX-PC1" duration="00:00:00.0100985" startTime="2014-12-16T15:39:46.9267460-02:00" endTime="2014-12-16T15:39:47.1507460-02:00" testType="13cdc9d9-ddb5-4fa4-a97d-d965ccfc6d4b" outcome="Passed" testListId="8c84fa94-04c1-424b-9868-57a2d4851a1d" relativeResultsDirectory="9e2aa7e9-f02c-46b9-8df4-f88dbda3a978">
    </UnitTestResult>
    <UnitTestResult executionId="e4b2b98a-eb5d-4d33-b9a3-b5cd98175fab" testId="4ec0cd46-4649-cc7e-8e36-0951b47fb9d3" testName="TestCannonMultipleInstances" computerName="INNOVIX-PC1" duration="00:00:00.0001542" startTime="2014-12-16T15:39:47.1527460-02:00" endTime="2014-12-16T15:39:47.1557460-02:00" testType="13cdc9d9-ddb5-4fa4-a97d-d965ccfc6d4b" outcome="Passed" testListId="8c84fa94-04c1-424b-9868-57a2d4851a1d" relativeResultsDirectory="e4b2b98a-eb5d-4d33-b9a3-b5cd98175fab">
    </UnitTestResult>
    <UnitTestResult executionId="1d9eb6ec-abc6-4e45-b824-b4bcf06e8a31" testId="848c8246-2c5f-3c1e-3cc6-5520b783d790" testName="TestCannonShootIncorrectAngle" computerName="INNOVIX-PC1" duration="00:00:00.0005411" startTime="2014-12-16T15:39:47.1567460-02:00" endTime="2014-12-16T15:39:47.1587460-02:00" testType="13cdc9d9-ddb5-4fa4-a97d-d965ccfc6d4b" outcome="Passed" testListId="8c84fa94-04c1-424b-9868-57a2d4851a1d" relativeResultsDirectory="1d9eb6ec-abc6-4e45-b824-b4bcf06e8a31">
    </UnitTestResult>
    <UnitTestResult executionId="26a23ddf-a3b4-400f-835b-d917296a45f7" testId="5777e21e-cb47-496e-6721-b5e410169a66" testName="TestCannonShootVelocityGreaterThanSpeedOfLight" computerName="INNOVIX-PC1" duration="00:00:00.0001841" startTime="2014-12-16T15:39:47.1597460-02:00" endTime="2014-12-16T15:39:47.1617460-02:00" testType="13cdc9d9-ddb5-4fa4-a97d-d965ccfc6d4b" outcome="Passed" testListId="8c84fa94-04c1-424b-9868-57a2d4851a1d" relativeResultsDirectory="26a23ddf-a3b4-400f-835b-d917296a45f7">
    </UnitTestResult>
    <UnitTestResult executionId="75fa73fd-1c2a-48cc-b340-e8ab05ba7871" testId="5009303d-563d-5ff2-7181-686b81ec17c5" testName="TestCannonShootMiss" computerName="INNOVIX-PC1" duration="00:00:00.0182878" startTime="2014-12-16T15:39:47.1627460-02:00" endTime="2014-12-16T15:39:47.1827460-02:00" testType="13cdc9d9-ddb5-4fa4-a97d-d965ccfc6d4b" outcome="Failed" testListId="8c84fa94-04c1-424b-9868-57a2d4851a1d" relativeResultsDirectory="75fa73fd-1c2a-48cc-b340-e8ab05ba7871">
      <Output>
        <ErrorInfo>
          <Message>Assert.IsTrue failed. </Message>
          <StackTrace>   at CannonAttackTest.CannonAttackTest.TestCannonShootMiss() in C:\Users\marco.gurrola\Documents\Visual Studio 2010\CannonAttack\CannonAttackTest\CannonAttackTest.cs:line 48
</StackTrace>
        </ErrorInfo>
      </Output>
    </UnitTestResult>
    <UnitTestResult executionId="767c735c-c5bd-462f-8feb-4867425c96b3" testId="4390e495-22a9-17bd-d1ca-8c13949ac68a" testName="TestCannonShootHit" computerName="INNOVIX-PC1" duration="00:00:00.0002469" startTime="2014-12-16T15:39:47.1837460-02:00" endTime="2014-12-16T15:39:47.1867460-02:00" testType="13cdc9d9-ddb5-4fa4-a97d-d965ccfc6d4b" outcome="Passed" testListId="8c84fa94-04c1-424b-9868-57a2d4851a1d" relativeResultsDirectory="767c735c-c5bd-462f-8feb-4867425c96b3">
    </UnitTestResult>
  </Results>
</TestRun>