<?xml version="1.0" encoding="UTF-8"?>
<TestRun id="1865da5f-3e76-4667-b9d9-8077021b0dfe" name="marco.gurrola@INNOVIX-PC1 2014-12-16 09:50:32" runUser="INNOVIX\marco.gurrola" xmlns="http://microsoft.com/schemas/VisualStudio/TeamTest/2010">
  <TestSettings name="Local" id="b5eeb8eb-be6a-4bcc-a635-2f2646e711d9">
    <Description>These are default test settings for a local test run.</Description>
    <Deployment enabled="false" runDeploymentRoot="marco.gurrola_INNOVIX-PC1 2014-12-16 09_50_32">
      <DeploymentItem filename="C:\Users\marco.gurrola\Documents\Visual Studio 2010\CannonAttack\CannonAttack\bin\Release\CannonAttack.exe" />
    </Deployment>
    <Execution>
      <TestTypeSpecific />
      <AgentRule name="Execution Agents">
      </AgentRule>
    </Execution>
  </TestSettings>
  <Times creation="2014-12-16T09:50:32.3798082-02:00" queuing="2014-12-16T09:50:32.4128115-02:00" start="2014-12-16T09:50:32.4378140-02:00" finish="2014-12-16T09:50:32.6598362-02:00" />
  <ResultSummary outcome="Completed">
    <Counters total="4" executed="4" passed="4" error="0" failed="0" timeout="0" aborted="0" inconclusive="0" passedButRunAborted="0" notRunnable="0" notExecuted="0" disconnected="0" warning="0" completed="0" inProgress="0" pending="0" />
  </ResultSummary>
  <TestDefinitions>
    <UnitTest name="TestCannonShootVelocityGreaterThanSpeedOfLight" storage="c:\users\marco.gurrola\documents\visual studio 2010\cannonattack\cannonattacktest\bin\release\cannonattacktest.dll" id="5777e21e-cb47-496e-6721-b5e410169a66">
      <Execution id="255a16d3-d185-421d-99f2-8eb03a2ae964" />
      <TestMethod codeBase="C:/Users/marco.gurrola/Documents/Visual Studio 2010/CannonAttack/CannonAttackTest/bin/Release/CannonAttackTest.DLL" adapterTypeName="Microsoft.VisualStudio.TestTools.TestTypes.Unit.UnitTestAdapter, Microsoft.VisualStudio.QualityTools.Tips.UnitTest.Adapter, Version=10.0.0.0, Culture=neutral, PublicKeyToken=b03f5f7f11d50a3a" className="CannonAttackTest.CannonAttackTest, CannonAttackTest, Version=1.0.0.0, Culture=neutral, PublicKeyToken=null" name="TestCannonShootVelocityGreaterThanSpeedOfLight" />
    </UnitTest>
    <UnitTest name="TestCannonIdValid" storage="c:\users\marco.gurrola\documents\visual studio 2010\cannonattack\cannonattacktest\bin\release\cannonattacktest.dll" id="5985701b-341c-bed0-b13f-db23d2c4b14a">
      <Execution id="51dadf81-a45d-4270-9a81-52d4ea95d88e" />
      <TestMethod codeBase="C:/Users/marco.gurrola/Documents/Visual Studio 2010/CannonAttack/CannonAttackTest/bin/Release/CannonAttackTest.DLL" adapterTypeName="Microsoft.VisualStudio.TestTools.TestTypes.Unit.UnitTestAdapter, Microsoft.VisualStudio.QualityTools.Tips.UnitTest.Adapter, Version=10.0.0.0, Culture=neutral, PublicKeyToken=b03f5f7f11d50a3a" className="CannonAttackTest.CannonAttackTest, CannonAttackTest, Version=1.0.0.0, Culture=neutral, PublicKeyToken=null" name="TestCannonIdValid" />
    </UnitTest>
    <UnitTest name="TestCannonMultipleInstances" storage="c:\users\marco.gurrola\documents\visual studio 2010\cannonattack\cannonattacktest\bin\release\cannonattacktest.dll" id="4ec0cd46-4649-cc7e-8e36-0951b47fb9d3">
      <Execution id="63a67d48-0763-45b8-8031-18d06b6bc383" />
      <TestMethod codeBase="C:/Users/marco.gurrola/Documents/Visual Studio 2010/CannonAttack/CannonAttackTest/bin/Release/CannonAttackTest.DLL" adapterTypeName="Microsoft.VisualStudio.TestTools.TestTypes.Unit.UnitTestAdapter, Microsoft.VisualStudio.QualityTools.Tips.UnitTest.Adapter, Version=10.0.0.0, Culture=neutral, PublicKeyToken=b03f5f7f11d50a3a" className="CannonAttackTest.CannonAttackTest, CannonAttackTest, Version=1.0.0.0, Culture=neutral, PublicKeyToken=null" name="TestCannonMultipleInstances" />
    </UnitTest>
    <UnitTest name="TestCannonShootIncorrectAngle" storage="c:\users\marco.gurrola\documents\visual studio 2010\cannonattack\cannonattacktest\bin\release\cannonattacktest.dll" id="848c8246-2c5f-3c1e-3cc6-5520b783d790">
      <Execution id="2803be9f-eb96-4608-a79a-99c5c516ebd6" />
      <TestMethod codeBase="C:/Users/marco.gurrola/Documents/Visual Studio 2010/CannonAttack/CannonAttackTest/bin/Release/CannonAttackTest.DLL" adapterTypeName="Microsoft.VisualStudio.TestTools.TestTypes.Unit.UnitTestAdapter, Microsoft.VisualStudio.QualityTools.Tips.UnitTest.Adapter, Version=10.0.0.0, Culture=neutral, PublicKeyToken=b03f5f7f11d50a3a" className="CannonAttackTest.CannonAttackTest, CannonAttackTest, Version=1.0.0.0, Culture=neutral, PublicKeyToken=null" name="TestCannonShootIncorrectAngle" />
    </UnitTest>
  </TestDefinitions>
  <TestLists>
    <TestList name="Results Not in a List" id="8c84fa94-04c1-424b-9868-57a2d4851a1d" />
    <TestList name="All Loaded Results" id="19431567-8539-422a-85d7-44ee4e166bda" />
  </TestLists>
  <TestEntries>
    <TestEntry testId="5985701b-341c-bed0-b13f-db23d2c4b14a" executionId="51dadf81-a45d-4270-9a81-52d4ea95d88e" testListId="8c84fa94-04c1-424b-9868-57a2d4851a1d" />
    <TestEntry testId="4ec0cd46-4649-cc7e-8e36-0951b47fb9d3" executionId="63a67d48-0763-45b8-8031-18d06b6bc383" testListId="8c84fa94-04c1-424b-9868-57a2d4851a1d" />
    <TestEntry testId="848c8246-2c5f-3c1e-3cc6-5520b783d790" executionId="2803be9f-eb96-4608-a79a-99c5c516ebd6" testListId="8c84fa94-04c1-424b-9868-57a2d4851a1d" />
    <TestEntry testId="5777e21e-cb47-496e-6721-b5e410169a66" executionId="255a16d3-d185-421d-99f2-8eb03a2ae964" testListId="8c84fa94-04c1-424b-9868-57a2d4851a1d" />
  </TestEntries>
  <Results>
    <UnitTestResult executionId="51dadf81-a45d-4270-9a81-52d4ea95d88e" testId="5985701b-341c-bed0-b13f-db23d2c4b14a" testName="TestCannonIdValid" computerName="INNOVIX-PC1" duration="00:00:00.0104814" startTime="2014-12-16T09:50:32.4398142-02:00" endTime="2014-12-16T09:50:32.6398342-02:00" testType="13cdc9d9-ddb5-4fa4-a97d-d965ccfc6d4b" outcome="Passed" testListId="8c84fa94-04c1-424b-9868-57a2d4851a1d" relativeResultsDirectory="51dadf81-a45d-4270-9a81-52d4ea95d88e">
    </UnitTestResult>
    <UnitTestResult executionId="63a67d48-0763-45b8-8031-18d06b6bc383" testId="4ec0cd46-4649-cc7e-8e36-0951b47fb9d3" testName="TestCannonMultipleInstances" computerName="INNOVIX-PC1" duration="00:00:00.0001666" startTime="2014-12-16T09:50:32.6408343-02:00" endTime="2014-12-16T09:50:32.6438346-02:00" testType="13cdc9d9-ddb5-4fa4-a97d-d965ccfc6d4b" outcome="Passed" testListId="8c84fa94-04c1-424b-9868-57a2d4851a1d" relativeResultsDirectory="63a67d48-0763-45b8-8031-18d06b6bc383">
    </UnitTestResult>
    <UnitTestResult executionId="2803be9f-eb96-4608-a79a-99c5c516ebd6" testId="848c8246-2c5f-3c1e-3cc6-5520b783d790" testName="TestCannonShootIncorrectAngle" computerName="INNOVIX-PC1" duration="00:00:00.0004689" startTime="2014-12-16T09:50:32.6448347-02:00" endTime="2014-12-16T09:50:32.6468349-02:00" testType="13cdc9d9-ddb5-4fa4-a97d-d965ccfc6d4b" outcome="Passed" testListId="8c84fa94-04c1-424b-9868-57a2d4851a1d" relativeResultsDirectory="2803be9f-eb96-4608-a79a-99c5c516ebd6">
    </UnitTestResult>
    <UnitTestResult executionId="255a16d3-d185-421d-99f2-8eb03a2ae964" testId="5777e21e-cb47-496e-6721-b5e410169a66" testName="TestCannonShootVelocityGreaterThanSpeedOfLight" computerName="INNOVIX-PC1" duration="00:00:00.0001813" startTime="2014-12-16T09:50:32.6478350-02:00" endTime="2014-12-16T09:50:32.6498352-02:00" testType="13cdc9d9-ddb5-4fa4-a97d-d965ccfc6d4b" outcome="Passed" testListId="8c84fa94-04c1-424b-9868-57a2d4851a1d" relativeResultsDirectory="255a16d3-d185-421d-99f2-8eb03a2ae964">
    </UnitTestResult>
  </Results>
</TestRun>