<?xml version="1.0" encoding="UTF-8"?>
<TestRun id="df65c54d-d30b-423c-a6fe-f286af9b0abc" name="marco.gurrola@INNOVIX-PC1 2014-12-16 09:46:16" runUser="INNOVIX\marco.gurrola" xmlns="http://microsoft.com/schemas/VisualStudio/TeamTest/2010">
  <TestSettings name="Local" id="b5eeb8eb-be6a-4bcc-a635-2f2646e711d9">
    <Description>These are default test settings for a local test run.</Description>
    <Deployment enabled="false" runDeploymentRoot="marco.gurrola_INNOVIX-PC1 2014-12-16 09_46_16">
      <DeploymentItem filename="C:\Users\marco.gurrola\Documents\Visual Studio 2010\CannonAttack\CannonAttack\bin\Release\CannonAttack.exe" />
    </Deployment>
    <Execution>
      <TestTypeSpecific />
      <AgentRule name="Execution Agents">
      </AgentRule>
    </Execution>
  </TestSettings>
  <Times creation="2014-12-16T09:46:16.3912119-02:00" queuing="2014-12-16T09:46:16.7242452-02:00" start="2014-12-16T09:46:16.8282556-02:00" finish="2014-12-16T09:46:17.1662894-02:00" />
  <ResultSummary outcome="Failed">
    <Counters total="4" executed="4" passed="3" error="0" failed="1" timeout="0" aborted="0" inconclusive="0" passedButRunAborted="0" notRunnable="0" notExecuted="0" disconnected="0" warning="0" completed="0" inProgress="0" pending="0" />
  </ResultSummary>
  <TestDefinitions>
    <UnitTest name="TestCannonShootVelocityGreaterThanSpeedOfLight" storage="c:\users\marco.gurrola\documents\visual studio 2010\cannonattack\cannonattacktest\bin\release\cannonattacktest.dll" id="5777e21e-cb47-496e-6721-b5e410169a66">
      <Execution id="fae20752-c64a-4d45-b807-b7f6e613b244" />
      <TestMethod codeBase="C:/Users/marco.gurrola/Documents/Visual Studio 2010/CannonAttack/CannonAttackTest/bin/Release/CannonAttackTest.DLL" adapterTypeName="Microsoft.VisualStudio.TestTools.TestTypes.Unit.UnitTestAdapter, Microsoft.VisualStudio.QualityTools.Tips.UnitTest.Adapter, Version=10.0.0.0, Culture=neutral, PublicKeyToken=b03f5f7f11d50a3a" className="CannonAttackTest.CannonAttackTest, CannonAttackTest, Version=1.0.0.0, Culture=neutral, PublicKeyToken=null" name="TestCannonShootVelocityGreaterThanSpeedOfLight" />
    </UnitTest>
    <UnitTest name="TestCannonIdValid" storage="c:\users\marco.gurrola\documents\visual studio 2010\cannonattack\cannonattacktest\bin\release\cannonattacktest.dll" id="5985701b-341c-bed0-b13f-db23d2c4b14a">
      <Execution id="6649e88a-0e47-4303-81ae-e9151c3c6b17" />
      <TestMethod codeBase="C:/Users/marco.gurrola/Documents/Visual Studio 2010/CannonAttack/CannonAttackTest/bin/Release/CannonAttackTest.DLL" adapterTypeName="Microsoft.VisualStudio.TestTools.TestTypes.Unit.UnitTestAdapter, Microsoft.VisualStudio.QualityTools.Tips.UnitTest.Adapter, Version=10.0.0.0, Culture=neutral, PublicKeyToken=b03f5f7f11d50a3a" className="CannonAttackTest.CannonAttackTest, CannonAttackTest, Version=1.0.0.0, Culture=neutral, PublicKeyToken=null" name="TestCannonIdValid" />
    </UnitTest>
    <UnitTest name="TestCannonMultipleInstances" storage="c:\users\marco.gurrola\documents\visual studio 2010\cannonattack\cannonattacktest\bin\release\cannonattacktest.dll" id="4ec0cd46-4649-cc7e-8e36-0951b47fb9d3">
      <Execution id="d1cb89ee-a101-4ef3-b1b5-49187c703ac8" />
      <TestMethod codeBase="C:/Users/marco.gurrola/Documents/Visual Studio 2010/CannonAttack/CannonAttackTest/bin/Release/CannonAttackTest.DLL" adapterTypeName="Microsoft.VisualStudio.TestTools.TestTypes.Unit.UnitTestAdapter, Microsoft.VisualStudio.QualityTools.Tips.UnitTest.Adapter, Version=10.0.0.0, Culture=neutral, PublicKeyToken=b03f5f7f11d50a3a" className="CannonAttackTest.CannonAttackTest, CannonAttackTest, Version=1.0.0.0, Culture=neutral, PublicKeyToken=null" name="TestCannonMultipleInstances" />
    </UnitTest>
    <UnitTest name="TestCannonShootIncorrectAngle" storage="c:\users\marco.gurrola\documents\visual studio 2010\cannonattack\cannonattacktest\bin\release\cannonattacktest.dll" id="848c8246-2c5f-3c1e-3cc6-5520b783d790">
      <Execution id="46ca2619-0892-40c8-b614-bca11962dae6" />
      <TestMethod codeBase="C:/Users/marco.gurrola/Documents/Visual Studio 2010/CannonAttack/CannonAttackTest/bin/Release/CannonAttackTest.DLL" adapterTypeName="Microsoft.VisualStudio.TestTools.TestTypes.Unit.UnitTestAdapter, Microsoft.VisualStudio.QualityTools.Tips.UnitTest.Adapter, Version=10.0.0.0, Culture=neutral, PublicKeyToken=b03f5f7f11d50a3a" className="CannonAttackTest.CannonAttackTest, CannonAttackTest, Version=1.0.0.0, Culture=neutral, PublicKeyToken=null" name="TestCannonShootIncorrectAngle" />
    </UnitTest>
  </TestDefinitions>
  <TestLists>
    <TestList name="Results Not in a List" id="8c84fa94-04c1-424b-9868-57a2d4851a1d" />
    <TestList name="All Loaded Results" id="19431567-8539-422a-85d7-44ee4e166bda" />
  </TestLists>
  <TestEntries>
    <TestEntry testId="5985701b-341c-bed0-b13f-db23d2c4b14a" executionId="6649e88a-0e47-4303-81ae-e9151c3c6b17" testListId="8c84fa94-04c1-424b-9868-57a2d4851a1d" />
    <TestEntry testId="4ec0cd46-4649-cc7e-8e36-0951b47fb9d3" executionId="d1cb89ee-a101-4ef3-b1b5-49187c703ac8" testListId="8c84fa94-04c1-424b-9868-57a2d4851a1d" />
    <TestEntry testId="848c8246-2c5f-3c1e-3cc6-5520b783d790" executionId="46ca2619-0892-40c8-b614-bca11962dae6" testListId="8c84fa94-04c1-424b-9868-57a2d4851a1d" />
    <TestEntry testId="5777e21e-cb47-496e-6721-b5e410169a66" executionId="fae20752-c64a-4d45-b807-b7f6e613b244" testListId="8c84fa94-04c1-424b-9868-57a2d4851a1d" />
  </TestEntries>
  <Results>
    <UnitTestResult executionId="6649e88a-0e47-4303-81ae-e9151c3c6b17" testId="5985701b-341c-bed0-b13f-db23d2c4b14a" testName="TestCannonIdValid" computerName="INNOVIX-PC1" duration="00:00:00.0100195" startTime="2014-12-16T09:46:16.8612589-02:00" endTime="2014-12-16T09:46:17.1002828-02:00" testType="13cdc9d9-ddb5-4fa4-a97d-d965ccfc6d4b" outcome="Passed" testListId="8c84fa94-04c1-424b-9868-57a2d4851a1d" relativeResultsDirectory="6649e88a-0e47-4303-81ae-e9151c3c6b17">
    </UnitTestResult>
    <UnitTestResult executionId="d1cb89ee-a101-4ef3-b1b5-49187c703ac8" testId="4ec0cd46-4649-cc7e-8e36-0951b47fb9d3" testName="TestCannonMultipleInstances" computerName="INNOVIX-PC1" duration="00:00:00.0001620" startTime="2014-12-16T09:46:17.1032831-02:00" endTime="2014-12-16T09:46:17.1052833-02:00" testType="13cdc9d9-ddb5-4fa4-a97d-d965ccfc6d4b" outcome="Passed" testListId="8c84fa94-04c1-424b-9868-57a2d4851a1d" relativeResultsDirectory="d1cb89ee-a101-4ef3-b1b5-49187c703ac8">
    </UnitTestResult>
    <UnitTestResult executionId="46ca2619-0892-40c8-b614-bca11962dae6" testId="848c8246-2c5f-3c1e-3cc6-5520b783d790" testName="TestCannonShootIncorrectAngle" computerName="INNOVIX-PC1" duration="00:00:00.0007125" startTime="2014-12-16T09:46:17.1072835-02:00" endTime="2014-12-16T09:46:17.1102838-02:00" testType="13cdc9d9-ddb5-4fa4-a97d-d965ccfc6d4b" outcome="Passed" testListId="8c84fa94-04c1-424b-9868-57a2d4851a1d" relativeResultsDirectory="46ca2619-0892-40c8-b614-bca11962dae6">
    </UnitTestResult>
    <UnitTestResult executionId="fae20752-c64a-4d45-b807-b7f6e613b244" testId="5777e21e-cb47-496e-6721-b5e410169a66" testName="TestCannonShootVelocityGreaterThanSpeedOfLight" computerName="INNOVIX-PC1" duration="00:00:00.0271318" startTime="2014-12-16T09:46:17.1112839-02:00" endTime="2014-12-16T09:46:17.1402868-02:00" testType="13cdc9d9-ddb5-4fa4-a97d-d965ccfc6d4b" outcome="Failed" testListId="8c84fa94-04c1-424b-9868-57a2d4851a1d" relativeResultsDirectory="fae20752-c64a-4d45-b807-b7f6e613b244">
      <Output>
        <ErrorInfo>
          <Message>Assert.IsFalse failed. </Message>
          <StackTrace>   at CannonAttackTest.CannonAttackTest.TestCannonShootVelocityGreaterThanSpeedOfLight() in C:\Users\marco.gurrola\Documents\Visual Studio 2010\CannonAttack\CannonAttackTest\CannonAttackTest.cs:line 41
</StackTrace>
        </ErrorInfo>
      </Output>
    </UnitTestResult>
  </Results>
</TestRun>